<?xml version="1.0" encoding="UTF-8"?>
<!-- Generated by org.testng.reporters.JUnitXMLReporter -->
<testsuite hostname="LAPTOP-4QEVCKI3" ignored="0" name="Test" tests="4" failures="0" timestamp="2020-05-11T05:32:20 IST" time="0.112" errors="0">
  <testcase name="appium1" time="0.014" classname="qaclickacademy.AppiumTest"/>
  <testcase name="appium2" time="0.004" classname="qaclickacademy.AppiumTest"/>
  <testcase name="selenium1" time="0.002" classname="qaclickacademy.SeleniumTest"/>
  <testcase name="selenium2" time="0.003" classname="qaclickacademy.SeleniumTest"/>
</testsuite> <!-- Test -->
