<?xml version="1.0" encoding="UTF-8"?>
<!-- Generated by org.testng.reporters.JUnitXMLReporter -->
<testsuite hostname="LAPTOP-4QEVCKI3" ignored="0" name="Test" tests="4" failures="0" timestamp="2020-05-11T05:32:57 IST" time="0.076" errors="0">
  <testcase name="appium1" time="0.009" classname="qaclickacademy.AppiumTest"/>
  <testcase name="appium2" time="0.0" classname="qaclickacademy.AppiumTest"/>
  <testcase name="selenium1" time="0.0" classname="qaclickacademy.SeleniumTest"/>
  <testcase name="selenium2" time="0.001" classname="qaclickacademy.SeleniumTest"/>
</testsuite> <!-- Test -->
